0b80 start_logger              154 ---- 2024/08/07 01:19:55.834 -------------------------------------------------
0b80 start_logger              160 Host process is 'cmd.exe' (pid 2944)
0b80 start_logger              164 DLL path is 'C:\Users\xx97\Desktop\php-server\bin\cmder\vendor\clink'
0b80 start_logger              178 Windows version 10.0.22631 (x64)
0b80 start_logger              181 Clink version 1.2.46.69fc92 (x64)
0b80 hook_setter::hook_setter  156 >>> Started hook transaction.
0b80 hook_setter::attach_iat   313 Attempting to hook SetEnvironmentVariableW in IAT for module 00007FF6252F0000.
0b80 pe_info::iterate_imports  160 Found import in 'api-ms-win-core-processenvironment-l1-1-0.dll'
0b80 find_iat                  121 Found import at 00007FF625326E98 (value is 00007FFD466C8EE0).
0b80 hook_setter::attach_iat   313 Attempting to hook WriteConsoleW in IAT for module 00007FF6252F0000.
0b80 pe_info::iterate_imports  160 Found import in 'api-ms-win-core-console-l1-1-0.dll'
0b80 find_iat                  121 Found import at 00007FF625326AF0 (value is 00007FFD46692BD0).
0b80 hook_setter::attach_iat   313 Attempting to hook GetEnvironmentVariableW in IAT for module 00007FF6252F0000.
0b80 pe_info::iterate_imports  160 Found import in 'api-ms-win-core-processenvironment-l1-1-0.dll'
0b80 find_iat                  121 Found import at 00007FF625326E68 (value is 00007FFD4667B490).
0b80 hook_setter::commit       204 <<< Hook transaction committed.
0b80 hook_setter::hook_setter  156 >>> Started hook transaction.
0b80 hook_setter::detach_iat   356 Attempting to unhook 00007FFCDF35ADF0 from GetEnvironmentVariableW in IAT for module 00007FF6252F0000.
0b80 pe_info::iterate_imports  160 Found import in 'api-ms-win-core-processenvironment-l1-1-0.dll'
0b80 find_iat                  121 Found import at 00007FF625326E68 (value is 00007FFCDF35ADF0).
0b80 hook_setter::commit       204 <<< Hook transaction committed.
0b80 hook_setter::hook_setter  156 >>> Started hook transaction.
0b80 hook_setter::attach_iat   313 Attempting to hook ReadConsoleW in IAT for module 00007FF6252F0000.
0b80 pe_info::iterate_imports  160 Found import in 'api-ms-win-core-console-l1-1-0.dll'
0b80 find_iat                  121 Found import at 00007FF625326AE8 (value is 00007FFD466FE300).
0b80 hook_setter::commit       204 <<< Hook transaction committed.
0b80 reset_handle              145 resetting mismatched stdin handle
0b80 reset_handle              145 resetting mismatched stdout handle
0b80 reset_handle              145 resetting mismatched stderr handle
0b80 win_screen_buffer::begin  227 Using native terminal support; found 'ConEmuHk64.dll'.
0b80 reset_handle              145 resetting mismatched stdout handle
0b80 reset_handle              145 resetting mismatched stderr handle
0b80 history_db::initialise   1268 master bank ctag: |CTAG_1663167284_18455859_4204_0
0b80 history_db::compact      1492 History:  381 active, 1412 deleted
0b80 reset_handle              145 resetting mismatched stdout handle
0b80 reset_handle              145 resetting mismatched stderr handle
0b80 history_db::compact      1492 History:  381 active, 1413 deleted
